#-----------------------------------------------------------
# Vivado v2022.2 (64-bit)
# SW Build 3671981 on Fri Oct 14 05:00:03 MDT 2022
# IP Build 3669848 on Fri Oct 14 08:30:02 MDT 2022
# Start of session at: Sat May  3 16:58:08 2025
# Process ID: 14576
# Current directory: C:/Users/srira/OneDrive/Desktop/ECE385/ECE385-sanjits2_mzwu3/lab6_2_restart
# Command line: vivado.exe -gui_launcher_event rodinguilauncherevent11624 C:\Users\srira\OneDrive\Desktop\ECE385\ECE385-sanjits2_mzwu3\lab6_2_restart\lab6_2_restart.xpr
# Log file: C:/Users/srira/OneDrive/Desktop/ECE385/ECE385-sanjits2_mzwu3/lab6_2_restart/vivado.log
# Journal file: C:/Users/srira/OneDrive/Desktop/ECE385/ECE385-sanjits2_mzwu3/lab6_2_restart\vivado.jou
# Running On: LAPTOP-6S4JKNP9, OS: Windows, CPU Frequency: 2918 MHz, CPU Physical cores: 14, Host memory: 16857 MB
#-----------------------------------------------------------
start_gui
open_project C:/Users/srira/OneDrive/Desktop/ECE385/ECE385-sanjits2_mzwu3/lab6_2_restart/lab6_2_restart.xpr
WARNING: [Board 49-26] cannot add Board Part xilinx.com:vek280_es:part0:1.0 available at C:/Xilinx/Vivado/2022.2/data/xhub/boards/XilinxBoardStore/boards/Xilinx/vek280/es/1.0/board.xml as part xcve2802-vsvh1760-2lp-e-s-es1 specified in board_part file is either invalid or not available
WARNING: [Board 49-26] cannot add Board Part xilinx.com:vhk158_es:part0:1.0 available at C:/Xilinx/Vivado/2022.2/data/xhub/boards/XilinxBoardStore/boards/Xilinx/vhk158/es/1.0/board.xml as part xcvh1582-vsva3697-2mp-e-s-es1 specified in board_part file is either invalid or not available
WARNING: [Board 49-26] cannot add Board Part xilinx.com:vpk120_es:part0:1.2 available at C:/Xilinx/Vivado/2022.2/data/xhub/boards/XilinxBoardStore/boards/Xilinx/vpk120/es/1.2/board.xml as part xcvp1202-vsva2785-2mp-e-s-es1 specified in board_part file is either invalid or not available
WARNING: [Board 49-26] cannot add Board Part xilinx.com:vpk120_es_revb:part0:1.0 available at C:/Xilinx/Vivado/2022.2/data/xhub/boards/XilinxBoardStore/boards/Xilinx/vpk120_revb/es/1.0/board.xml as part xcvp1202-vsva2785-2mp-e-s-es1 specified in board_part file is either invalid or not available
WARNING: [Board 49-26] cannot add Board Part xilinx.com:vpk180_es:part0:1.0 available at C:/Xilinx/Vivado/2022.2/data/xhub/boards/XilinxBoardStore/boards/Xilinx/vpk180/es/1.0/board.xml as part xcvp1802-lsvc4072-2mp-e-s-es1 specified in board_part file is either invalid or not available
WARNING: [Board 49-26] cannot add Board Part xilinx.com:zcu208ld:part0:2.0 available at C:/Xilinx/Vivado/2022.2/data/xhub/boards/XilinxBoardStore/boards/Xilinx/zcu208ld/production/2.0/board.xml as part xczu58dr-fsvg1517-2-i specified in board_part file is either invalid or not available
WARNING: [Board 49-26] cannot add Board Part xilinx.com:zcu216ld:part0:2.0 available at C:/Xilinx/Vivado/2022.2/data/xhub/boards/XilinxBoardStore/boards/Xilinx/zcu216ld/production/2.0/board.xml as part xczu59dr-ffvf1760-2-i specified in board_part file is either invalid or not available
WARNING: [Board 49-26] cannot add Board Part xilinx.com:zcu670:part0:2.0 available at C:/Xilinx/Vivado/2022.2/data/xhub/boards/XilinxBoardStore/boards/Xilinx/zcu670/2.0/board.xml as part xczu67dr-fsve1156-2-i specified in board_part file is either invalid or not available
WARNING: [Board 49-26] cannot add Board Part xilinx.com:zcu670ld:part0:1.0 available at C:/Xilinx/Vivado/2022.2/data/xhub/boards/XilinxBoardStore/boards/Xilinx/zcu670ld/1.0/board.xml as part xczu57dr-fsve1156-2-i specified in board_part file is either invalid or not available
WARNING: [filemgmt 56-3] IP Repository Path: Could not find the directory 'C:/Users/srira/OneDrive/Desktop/Downloads/RD_hdmi_ip2020/hdmi_tx_1.0'.
Scanning sources...
Finished scanning sources
INFO: [IP_Flow 19-234] Refreshing IP repositories
WARNING: [IP_Flow 19-2248] Failed to load user IP repository 'c:/Users/srira/OneDrive/Desktop/Downloads/RD_hdmi_ip2020/hdmi_tx_1.0'; Can't find the specified path.
If this directory should no longer be in your list of user repositories, go to the IP Settings dialog and remove it.
INFO: [IP_Flow 19-1700] Loaded user IP repository 'c:/Users/srira/OneDrive/Desktop/ECE385/Final_Project/VivadoIP-master'.
INFO: [IP_Flow 19-2313] Loaded Vivado IP repository 'C:/Xilinx/Vivado/2022.2/data/ip'.
WARNING: [IP_Flow 19-2162] IP 'hdmi_tx_0' is locked:
* IP definition 'hdmi_tx (1.0)' for IP 'hdmi_tx_0' (customized with software release 2022.2) was not found in the IP Catalog.oopen_project: Time (s): cpu = 00:00:48 ; elapsed = 00:00:22 . Memory (MB): peak = 1846.355 ; gain = 296.852
update_compile_order -fileset sources_1
INFO: [Vivado 12-8231] Launching Vitis
INFO: [Vivado 12-417] Running vitis
INFO: [Vivado 12-8232] Vitis launch initiated. Please check console for any further messages.
open_run impl_1
INFO: [Device 21-403] Loading part xc7s50csga324-1
Netlist sorting complete. Time (s): cpu = 00:00:01 ; elapsed = 00:00:00.418 . Memory (MB): peak = 2344.117 ; gain = 0.000
INFO: [Netlist 29-17] Analyzing 7710 Unisim elements for replacement
INFO: [Netlist 29-28] Unisim Transformation completed in 0 CPU seconds
INFO: [Project 1-479] Netlist was created with Vivado 2022.2
INFO: [Project 1-570] Preparing netlist for logic optimization
WARNING: [Constraints 18-550] Could not create 'IBUF_LOW_PWR' constraint because net 'clk_wiz/clk_in1' is not directly connected to top level port. Synthesis is ignored for IBUF_LOW_PWR but preserved for implementation.
WARNING: [Constraints 18-550] Could not create 'IBUF_LOW_PWR' constraint because net 'mb_block_i/clk_wiz_1/clk_in1' is not directly connected to top level port. Synthesis is ignored for IBUF_LOW_PWR but preserved for implementation.
INFO: [Timing 38-478] Restoring timing data from binary archive.
INFO: [Timing 38-479] Binary timing data restore complete.
INFO: [Project 1-856] Restoring constraints from binary archive.
INFO: [Project 1-853] Binary constraint restore complete.
Reading XDEF placement.
Reading placer database...
Reading XDEF routing.
Read XDEF Files: Time (s): cpu = 00:00:04 ; elapsed = 00:00:04 . Memory (MB): peak = 3052.691 ; gain = 39.086
Restored from archive | CPU: 4.000000 secs | Memory: 0.000000 MB |
Finished XDEF File Restore: Time (s): cpu = 00:00:04 ; elapsed = 00:00:04 . Memory (MB): peak = 3052.691 ; gain = 39.086
Generating merged BMM file for the design top 'mb_usb_hdmi_top'...
INFO: [Memdata 28-144] Successfully populated the BRAM INIT strings from the following elf files: c:/Users/srira/OneDrive/Desktop/ECE385/ECE385-sanjits2_mzwu3/lab6_2_restart/lab6_2_restart.gen/sources_1/bd/mb_usb/ip/mb_usb_microblaze_0_0/data/mb_bootloop_le.elf 
Netlist sorting complete. Time (s): cpu = 00:00:00 ; elapsed = 00:00:00.017 . Memory (MB): peak = 3052.691 ; gain = 0.000
INFO: [Project 1-111] Unisim Transformation Summary:
  A total of 246 instances were transformed.
  LUT6_2 => LUT6_2 (LUT5, LUT6): 143 instances
  RAM16X1D => RAM32X1D (RAMD32(x2)): 32 instances
  RAM32M => RAM32M (RAMD32(x6), RAMS32(x2)): 2 instances
  RAM32X1D => RAM32X1D (RAMD32(x2)): 68 instances
  SRLC16E => SRL16E: 1 instance 

open_run: Time (s): cpu = 00:00:42 ; elapsed = 00:00:42 . Memory (MB): peak = 3189.215 ; gain = 1225.363
open_report: Time (s): cpu = 00:00:10 ; elapsed = 00:00:06 . Memory (MB): peak = 3571.129 ; gain = 213.555
CRITICAL WARNING: [Timing 38-282] The design failed to meet the timing requirements. Please see the timing summary report for details on the timing violations.
report_utilization -name utilization_1
report_utilization: Time (s): cpu = 00:00:16 ; elapsed = 00:00:06 . Memory (MB): peak = 4063.406 ; gain = 389.957
close [ open C:/Users/srira/OneDrive/Desktop/ECE385/ECE385-sanjits2_mzwu3/lab6_2_restart/lab6_2_restart.srcs/sources_1/new/Player_MIDI.sv w ]
add_files C:/Users/srira/OneDrive/Desktop/ECE385/ECE385-sanjits2_mzwu3/lab6_2_restart/lab6_2_restart.srcs/sources_1/new/Player_MIDI.sv
update_compile_order -fileset sources_1
update_compile_order -fileset sources_1
close [ open C:/Users/srira/OneDrive/Desktop/ECE385/ECE385-sanjits2_mzwu3/lab6_2_restart/lab6_2_restart.srcs/sources_1/new/song1.mem w ]
add_files C:/Users/srira/OneDrive/Desktop/ECE385/ECE385-sanjits2_mzwu3/lab6_2_restart/lab6_2_restart.srcs/sources_1/new/song1.mem
close [ open C:/Users/srira/OneDrive/Desktop/ECE385/ECE385-sanjits2_mzwu3/lab6_2_restart/lab6_2_restart.srcs/sources_1/new/song3.mem w ]
add_files C:/Users/srira/OneDrive/Desktop/ECE385/ECE385-sanjits2_mzwu3/lab6_2_restart/lab6_2_restart.srcs/sources_1/new/song3.mem
close [ open C:/Users/srira/OneDrive/Desktop/ECE385/ECE385-sanjits2_mzwu3/lab6_2_restart/lab6_2_restart.srcs/sources_1/new/song4.mem w ]
add_files C:/Users/srira/OneDrive/Desktop/ECE385/ECE385-sanjits2_mzwu3/lab6_2_restart/lab6_2_restart.srcs/sources_1/new/song4.mem
close [ open C:/Users/srira/OneDrive/Desktop/ECE385/ECE385-sanjits2_mzwu3/lab6_2_restart/lab6_2_restart.srcs/sources_1/new/song6.mem w ]
add_files C:/Users/srira/OneDrive/Desktop/ECE385/ECE385-sanjits2_mzwu3/lab6_2_restart/lab6_2_restart.srcs/sources_1/new/song6.mem
close [ open C:/Users/srira/OneDrive/Desktop/ECE385/ECE385-sanjits2_mzwu3/lab6_2_restart/lab6_2_restart.srcs/sources_1/new/song2.mem w ]
add_files C:/Users/srira/OneDrive/Desktop/ECE385/ECE385-sanjits2_mzwu3/lab6_2_restart/lab6_2_restart.srcs/sources_1/new/song2.mem
close [ open C:/Users/srira/OneDrive/Desktop/ECE385/ECE385-sanjits2_mzwu3/lab6_2_restart/lab6_2_restart.srcs/sources_1/new/song5.mem w ]
add_files C:/Users/srira/OneDrive/Desktop/ECE385/ECE385-sanjits2_mzwu3/lab6_2_restart/lab6_2_restart.srcs/sources_1/new/song5.mem
reset_run synth_1
INFO: [Project 1-1161] Replacing file C:/Users/srira/OneDrive/Desktop/ECE385/ECE385-sanjits2_mzwu3/lab6_2_restart/lab6_2_restart.srcs/utils_1/imports/synth_1/mb_usb_hdmi_top.dcp with file C:/Users/srira/OneDrive/Desktop/ECE385/ECE385-sanjits2_mzwu3/lab6_2_restart/lab6_2_restart.runs/synth_1/mb_usb_hdmi_top.dcp
launch_runs impl_1 -to_step write_bitstream -jobs 20
[Sat May  3 18:57:48 2025] Launched synth_1...
Run output will be captured here: C:/Users/srira/OneDrive/Desktop/ECE385/ECE385-sanjits2_mzwu3/lab6_2_restart/lab6_2_restart.runs/synth_1/runme.log
[Sat May  3 18:57:48 2025] Launched impl_1...
Run output will be captured here: C:/Users/srira/OneDrive/Desktop/ECE385/ECE385-sanjits2_mzwu3/lab6_2_restart/lab6_2_restart.runs/impl_1/runme.log
close_design
close_design: Time (s): cpu = 00:00:07 ; elapsed = 00:00:05 . Memory (MB): peak = 4063.406 ; gain = 0.000
reset_run impl_1
reset_run synth_1
INFO: [Project 1-1161] Replacing file C:/Users/srira/OneDrive/Desktop/ECE385/ECE385-sanjits2_mzwu3/lab6_2_restart/lab6_2_restart.srcs/utils_1/imports/synth_1/mb_usb_hdmi_top.dcp with file C:/Users/srira/OneDrive/Desktop/ECE385/ECE385-sanjits2_mzwu3/lab6_2_restart/lab6_2_restart.runs/synth_1/mb_usb_hdmi_top.dcp
launch_runs impl_1 -to_step write_bitstream -jobs 20
[Sat May  3 19:03:36 2025] Launched synth_1...
Run output will be captured here: C:/Users/srira/OneDrive/Desktop/ECE385/ECE385-sanjits2_mzwu3/lab6_2_restart/lab6_2_restart.runs/synth_1/runme.log
[Sat May  3 19:03:36 2025] Launched impl_1...
Run output will be captured here: C:/Users/srira/OneDrive/Desktop/ECE385/ECE385-sanjits2_mzwu3/lab6_2_restart/lab6_2_restart.runs/impl_1/runme.log
write_hw_platform -fixed -include_bit -force -file C:/Users/srira/OneDrive/Desktop/ECE385/ECE385-sanjits2_mzwu3/lab6_2_restart/mb_usb_hdmi_top.xsa
INFO: [Project 1-1918] Creating Hardware Platform: C:/Users/srira/OneDrive/Desktop/ECE385/ECE385-sanjits2_mzwu3/lab6_2_restart/mb_usb_hdmi_top.xsa ...
WARNING: [Vivado_Tcl 4-413] Exported hardware design may be stale because Block Design is locked for the following reasons 
* IP definition 'hdmi_tx (1.0)' for IP 'hdmi_tx_0' (customized with software release 2022.2) was not found in the IP Catalog.
INFO: [Project 1-1943] The Hardware Platform can be used for Hardware
INFO: [Project 1-1941] Successfully created Hardware Platform: C:/Users/srira/OneDrive/Desktop/ECE385/ECE385-sanjits2_mzwu3/lab6_2_restart/mb_usb_hdmi_top.xsa
INFO: [Hsi 55-2053] elapsed time for repository (C:/Xilinx/Vivado/2022.2/data/embeddedsw) loading 0 seconds
open_run impl_1
Netlist sorting complete. Time (s): cpu = 00:00:01 ; elapsed = 00:00:00.427 . Memory (MB): peak = 4063.406 ; gain = 0.000
INFO: [Netlist 29-17] Analyzing 8730 Unisim elements for replacement
INFO: [Netlist 29-28] Unisim Transformation completed in 0 CPU seconds
INFO: [Project 1-479] Netlist was created with Vivado 2022.2
INFO: [Project 1-570] Preparing netlist for logic optimization
WARNING: [Constraints 18-550] Could not create 'IBUF_LOW_PWR' constraint because net 'clk_wiz/clk_in1' is not directly connected to top level port. Synthesis is ignored for IBUF_LOW_PWR but preserved for implementation.
WARNING: [Constraints 18-550] Could not create 'IBUF_LOW_PWR' constraint because net 'mb_block_i/clk_wiz_1/clk_in1' is not directly connected to top level port. Synthesis is ignored for IBUF_LOW_PWR but preserved for implementation.
INFO: [Timing 38-478] Restoring timing data from binary archive.
INFO: [Timing 38-479] Binary timing data restore complete.
INFO: [Project 1-856] Restoring constraints from binary archive.
INFO: [Project 1-853] Binary constraint restore complete.
Reading XDEF placement.
Reading placer database...
Reading XDEF routing.
Read XDEF Files: Time (s): cpu = 00:00:04 ; elapsed = 00:00:04 . Memory (MB): peak = 4063.406 ; gain = 0.000
Restored from archive | CPU: 5.000000 secs | Memory: 0.000000 MB |
Finished XDEF File Restore: Time (s): cpu = 00:00:04 ; elapsed = 00:00:04 . Memory (MB): peak = 4063.406 ; gain = 0.000
Generating merged BMM file for the design top 'mb_usb_hdmi_top'...
INFO: [Memdata 28-144] Successfully populated the BRAM INIT strings from the following elf files: c:/Users/srira/OneDrive/Desktop/ECE385/ECE385-sanjits2_mzwu3/lab6_2_restart/lab6_2_restart.gen/sources_1/bd/mb_usb/ip/mb_usb_microblaze_0_0/data/mb_bootloop_le.elf 
Netlist sorting complete. Time (s): cpu = 00:00:00 ; elapsed = 00:00:00.018 . Memory (MB): peak = 4063.406 ; gain = 0.000
INFO: [Project 1-111] Unisim Transformation Summary:
  A total of 246 instances were transformed.
  LUT6_2 => LUT6_2 (LUT5, LUT6): 143 instances
  RAM16X1D => RAM32X1D (RAMD32(x2)): 32 instances
  RAM32M => RAM32M (RAMD32(x6), RAMS32(x2)): 2 instances
  RAM32X1D => RAM32X1D (RAMD32(x2)): 68 instances
  SRLC16E => SRL16E: 1 instance 

open_run: Time (s): cpu = 00:00:21 ; elapsed = 00:00:18 . Memory (MB): peak = 4063.406 ; gain = 0.000
open_report: Time (s): cpu = 00:00:12 ; elapsed = 00:00:06 . Memory (MB): peak = 4063.406 ; gain = 0.000
CRITICAL WARNING: [Timing 38-282] The design failed to meet the timing requirements. Please see the timing summary report for details on the timing violations.
report_utilization -name utilization_1
report_utilization: Time (s): cpu = 00:00:08 ; elapsed = 00:00:06 . Memory (MB): peak = 4161.723 ; gain = 89.676
close [ open C:/Users/srira/OneDrive/Desktop/ECE385/ECE385-sanjits2_mzwu3/lab6_2_restart/lab6_2_restart.srcs/sources_1/new/song9.mem w ]
add_files C:/Users/srira/OneDrive/Desktop/ECE385/ECE385-sanjits2_mzwu3/lab6_2_restart/lab6_2_restart.srcs/sources_1/new/song9.mem
close [ open C:/Users/srira/OneDrive/Desktop/ECE385/ECE385-sanjits2_mzwu3/lab6_2_restart/lab6_2_restart.srcs/sources_1/new/song8.mem w ]
add_files C:/Users/srira/OneDrive/Desktop/ECE385/ECE385-sanjits2_mzwu3/lab6_2_restart/lab6_2_restart.srcs/sources_1/new/song8.mem
close [ open C:/Users/srira/OneDrive/Desktop/ECE385/ECE385-sanjits2_mzwu3/lab6_2_restart/lab6_2_restart.srcs/sources_1/new/song7.mem w ]
add_files C:/Users/srira/OneDrive/Desktop/ECE385/ECE385-sanjits2_mzwu3/lab6_2_restart/lab6_2_restart.srcs/sources_1/new/song7.mem
reset_run synth_1
INFO: [Project 1-1161] Replacing file C:/Users/srira/OneDrive/Desktop/ECE385/ECE385-sanjits2_mzwu3/lab6_2_restart/lab6_2_restart.srcs/utils_1/imports/synth_1/mb_usb_hdmi_top.dcp with file C:/Users/srira/OneDrive/Desktop/ECE385/ECE385-sanjits2_mzwu3/lab6_2_restart/lab6_2_restart.runs/synth_1/mb_usb_hdmi_top.dcp
launch_runs impl_1 -to_step write_bitstream -jobs 20
[Sat May  3 20:06:07 2025] Launched synth_1...
Run output will be captured here: C:/Users/srira/OneDrive/Desktop/ECE385/ECE385-sanjits2_mzwu3/lab6_2_restart/lab6_2_restart.runs/synth_1/runme.log
[Sat May  3 20:06:07 2025] Launched impl_1...
Run output will be captured here: C:/Users/srira/OneDrive/Desktop/ECE385/ECE385-sanjits2_mzwu3/lab6_2_restart/lab6_2_restart.runs/impl_1/runme.log
write_hw_platform -fixed -include_bit -force -file C:/Users/srira/OneDrive/Desktop/ECE385/ECE385-sanjits2_mzwu3/lab6_2_restart/mb_usb_hdmi_top.xsa
INFO: [Project 1-1918] Creating Hardware Platform: C:/Users/srira/OneDrive/Desktop/ECE385/ECE385-sanjits2_mzwu3/lab6_2_restart/mb_usb_hdmi_top.xsa ...
INFO: [Project 1-1943] The Hardware Platform can be used for Hardware
INFO: [Project 1-1941] Successfully created Hardware Platform: C:/Users/srira/OneDrive/Desktop/ECE385/ECE385-sanjits2_mzwu3/lab6_2_restart/mb_usb_hdmi_top.xsa
write_hw_platform: Time (s): cpu = 00:00:08 ; elapsed = 00:00:09 . Memory (MB): peak = 4381.957 ; gain = 220.234
close_design
reset_run synth_1
INFO: [Project 1-1161] Replacing file C:/Users/srira/OneDrive/Desktop/ECE385/ECE385-sanjits2_mzwu3/lab6_2_restart/lab6_2_restart.srcs/utils_1/imports/synth_1/mb_usb_hdmi_top.dcp with file C:/Users/srira/OneDrive/Desktop/ECE385/ECE385-sanjits2_mzwu3/lab6_2_restart/lab6_2_restart.runs/synth_1/mb_usb_hdmi_top.dcp
launch_runs impl_1 -to_step write_bitstream -jobs 20
[Sat May  3 20:53:16 2025] Launched synth_1...
Run output will be captured here: C:/Users/srira/OneDrive/Desktop/ECE385/ECE385-sanjits2_mzwu3/lab6_2_restart/lab6_2_restart.runs/synth_1/runme.log
[Sat May  3 20:53:17 2025] Launched impl_1...
Run output will be captured here: C:/Users/srira/OneDrive/Desktop/ECE385/ECE385-sanjits2_mzwu3/lab6_2_restart/lab6_2_restart.runs/impl_1/runme.log
write_hw_platform -fixed -include_bit -force -file C:/Users/srira/OneDrive/Desktop/ECE385/ECE385-sanjits2_mzwu3/lab6_2_restart/mb_usb_hdmi_top.xsa
INFO: [Project 1-1918] Creating Hardware Platform: C:/Users/srira/OneDrive/Desktop/ECE385/ECE385-sanjits2_mzwu3/lab6_2_restart/mb_usb_hdmi_top.xsa ...
WARNING: [Vivado_Tcl 4-413] Exported hardware design may be stale because Block Design is locked for the following reasons 
* IP definition 'hdmi_tx (1.0)' for IP 'hdmi_tx_0' (customized with software release 2022.2) was not found in the IP Catalog.
INFO: [Project 1-1943] The Hardware Platform can be used for Hardware
INFO: [Project 1-1941] Successfully created Hardware Platform: C:/Users/srira/OneDrive/Desktop/ECE385/ECE385-sanjits2_mzwu3/lab6_2_restart/mb_usb_hdmi_top.xsa
open_run impl_1
Netlist sorting complete. Time (s): cpu = 00:00:01 ; elapsed = 00:00:00.429 . Memory (MB): peak = 4436.371 ; gain = 0.000
INFO: [Netlist 29-17] Analyzing 10459 Unisim elements for replacement
INFO: [Netlist 29-28] Unisim Transformation completed in 0 CPU seconds
INFO: [Project 1-479] Netlist was created with Vivado 2022.2
INFO: [Project 1-570] Preparing netlist for logic optimization
WARNING: [Constraints 18-550] Could not create 'IBUF_LOW_PWR' constraint because net 'clk_wiz/clk_in1' is not directly connected to top level port. Synthesis is ignored for IBUF_LOW_PWR but preserved for implementation.
WARNING: [Constraints 18-550] Could not create 'IBUF_LOW_PWR' constraint because net 'mb_block_i/clk_wiz_1/clk_in1' is not directly connected to top level port. Synthesis is ignored for IBUF_LOW_PWR but preserved for implementation.
INFO: [Timing 38-478] Restoring timing data from binary archive.
INFO: [Timing 38-479] Binary timing data restore complete.
INFO: [Project 1-856] Restoring constraints from binary archive.
INFO: [Project 1-853] Binary constraint restore complete.
Reading XDEF placement.
Reading placer database...
Reading XDEF routing.
Read XDEF Files: Time (s): cpu = 00:00:05 ; elapsed = 00:00:04 . Memory (MB): peak = 4436.371 ; gain = 0.000
Restored from archive | CPU: 5.000000 secs | Memory: 0.000000 MB |
Finished XDEF File Restore: Time (s): cpu = 00:00:05 ; elapsed = 00:00:04 . Memory (MB): peak = 4436.371 ; gain = 0.000
Generating merged BMM file for the design top 'mb_usb_hdmi_top'...
INFO: [Memdata 28-144] Successfully populated the BRAM INIT strings from the following elf files: c:/Users/srira/OneDrive/Desktop/ECE385/ECE385-sanjits2_mzwu3/lab6_2_restart/lab6_2_restart.gen/sources_1/bd/mb_usb/ip/mb_usb_microblaze_0_0/data/mb_bootloop_le.elf 
Netlist sorting complete. Time (s): cpu = 00:00:00 ; elapsed = 00:00:00.020 . Memory (MB): peak = 4436.371 ; gain = 0.000
INFO: [Project 1-111] Unisim Transformation Summary:
  A total of 246 instances were transformed.
  LUT6_2 => LUT6_2 (LUT5, LUT6): 143 instances
  RAM16X1D => RAM32X1D (RAMD32(x2)): 32 instances
  RAM32M => RAM32M (RAMD32(x6), RAMS32(x2)): 2 instances
  RAM32X1D => RAM32X1D (RAMD32(x2)): 68 instances
  SRLC16E => SRL16E: 1 instance 

open_run: Time (s): cpu = 00:00:22 ; elapsed = 00:00:18 . Memory (MB): peak = 4436.371 ; gain = 0.000
open_report: Time (s): cpu = 00:00:13 ; elapsed = 00:00:06 . Memory (MB): peak = 4436.371 ; gain = 0.000
CRITICAL WARNING: [Timing 38-282] The design failed to meet the timing requirements. Please see the timing summary report for details on the timing violations.
report_utilization -name utilization_1
report_utilization: Time (s): cpu = 00:00:10 ; elapsed = 00:00:06 . Memory (MB): peak = 4441.770 ; gain = 5.398
exit
INFO: [Common 17-206] Exiting Vivado at Sat May  3 22:09:09 2025...
