srcscan starts
INFO: analyzing module m00_couplers_imp_1CNVJ1L (VERI-9002)
INFO: analyzing module m01_couplers_imp_ADY9K (VERI-9002)
INFO: analyzing module m02_couplers_imp_BB516Y (VERI-9002)
INFO: analyzing module m03_couplers_imp_11D4JQ3 (VERI-9002)
INFO: analyzing module m04_couplers_imp_Y7VWKU (VERI-9002)
INFO: analyzing module m05_couplers_imp_1N5X0ZJ (VERI-9002)
INFO: analyzing module m06_couplers_imp_1Y6O2J1 (VERI-9002)
INFO: analyzing module m07_couplers_imp_MX4VH8 (VERI-9002)
INFO: analyzing module m08_couplers_imp_1P5XP46 (VERI-9002)
INFO: analyzing module mb_usb (VERI-9002)
INFO: analyzing module mb_usb_microblaze_0_axi_periph_0 (VERI-9002)
INFO: analyzing module microblaze_0_local_memory_imp_4XV58R (VERI-9002)
INFO: analyzing module s00_couplers_imp_16FJ1YW (VERI-9002)
Listing tops:
VeriTop library:xil_defaultlib mod:mb_usb
END of tops
c:/Users/srira/OneDrive/Desktop/ECE385/ECE385-sanjits2_mzwu3/lab6_2_restart/lab6_2_restart.gen/sources_1/bd/mb_usb/synth/mb_usb.v(1229): INFO: compiling module 'mb_usb_default' (VERI-1018)
c:/Users/srira/OneDrive/Desktop/ECE385/ECE385-sanjits2_mzwu3/lab6_2_restart/lab6_2_restart.gen/sources_1/bd/mb_usb/synth/mb_usb.v(1460): WARNING: Module <mb_usb_axi_uartlite_0_0> not found while processing module instance <axi_uartlite_0> (VERI-1063)
c:/Users/srira/OneDrive/Desktop/ECE385/ECE385-sanjits2_mzwu3/lab6_2_restart/lab6_2_restart.gen/sources_1/bd/mb_usb/synth/mb_usb.v(1483): WARNING: Module <mb_usb_clk_wiz_1_0> not found while processing module instance <clk_wiz_1> (VERI-1063)
c:/Users/srira/OneDrive/Desktop/ECE385/ECE385-sanjits2_mzwu3/lab6_2_restart/lab6_2_restart.gen/sources_1/bd/mb_usb/synth/mb_usb.v(1488): WARNING: Module <mb_usb_axi_gpio_0_3> not found while processing module instance <gpio_usb_int> (VERI-1063)
c:/Users/srira/OneDrive/Desktop/ECE385/ECE385-sanjits2_mzwu3/lab6_2_restart/lab6_2_restart.gen/sources_1/bd/mb_usb/synth/mb_usb.v(1510): WARNING: Module <mb_usb_axi_gpio_0_4> not found while processing module instance <gpio_usb_keycode> (VERI-1063)
c:/Users/srira/OneDrive/Desktop/ECE385/ECE385-sanjits2_mzwu3/lab6_2_restart/lab6_2_restart.gen/sources_1/bd/mb_usb/synth/mb_usb.v(1532): WARNING: Module <mb_usb_axi_gpio_0_2> not found while processing module instance <gpio_usb_rst> (VERI-1063)
c:/Users/srira/OneDrive/Desktop/ECE385/ECE385-sanjits2_mzwu3/lab6_2_restart/lab6_2_restart.gen/sources_1/bd/mb_usb/synth/mb_usb.v(1553): WARNING: Module <mb_usb_mdm_1_0> not found while processing module instance <mdm_1> (VERI-1063)
c:/Users/srira/OneDrive/Desktop/ECE385/ECE385-sanjits2_mzwu3/lab6_2_restart/lab6_2_restart.gen/sources_1/bd/mb_usb/synth/mb_usb.v(1564): WARNING: Module <mb_usb_microblaze_0_0> not found while processing module instance <microblaze_0> (VERI-1063)
c:/Users/srira/OneDrive/Desktop/ECE385/ECE385-sanjits2_mzwu3/lab6_2_restart/lab6_2_restart.gen/sources_1/bd/mb_usb/synth/mb_usb.v(1619): WARNING: Module <mb_usb_microblaze_0_axi_intc_0> not found while processing module instance <microblaze_0_axi_intc> (VERI-1063)
c:/Users/srira/OneDrive/Desktop/ECE385/ECE385-sanjits2_mzwu3/lab6_2_restart/lab6_2_restart.gen/sources_1/bd/mb_usb/synth/mb_usb.v(3249): WARNING: Module <mb_usb_xbar_0> not found while processing module instance <xbar> (VERI-1063)
c:/Users/srira/OneDrive/Desktop/ECE385/ECE385-sanjits2_mzwu3/lab6_2_restart/lab6_2_restart.gen/sources_1/bd/mb_usb/synth/mb_usb.v(3415): WARNING: Module <mb_usb_dlmb_bram_if_cntlr_0> not found while processing module instance <dlmb_bram_if_cntlr> (VERI-1063)
c:/Users/srira/OneDrive/Desktop/ECE385/ECE385-sanjits2_mzwu3/lab6_2_restart/lab6_2_restart.gen/sources_1/bd/mb_usb/synth/mb_usb.v(3438): WARNING: Module <mb_usb_dlmb_v10_0> not found while processing module instance <dlmb_v10> (VERI-1063)
c:/Users/srira/OneDrive/Desktop/ECE385/ECE385-sanjits2_mzwu3/lab6_2_restart/lab6_2_restart.gen/sources_1/bd/mb_usb/synth/mb_usb.v(3463): WARNING: Module <mb_usb_ilmb_bram_if_cntlr_0> not found while processing module instance <ilmb_bram_if_cntlr> (VERI-1063)
c:/Users/srira/OneDrive/Desktop/ECE385/ECE385-sanjits2_mzwu3/lab6_2_restart/lab6_2_restart.gen/sources_1/bd/mb_usb/synth/mb_usb.v(3484): WARNING: Module <mb_usb_ilmb_v10_0> not found while processing module instance <ilmb_v10> (VERI-1063)
c:/Users/srira/OneDrive/Desktop/ECE385/ECE385-sanjits2_mzwu3/lab6_2_restart/lab6_2_restart.gen/sources_1/bd/mb_usb/synth/mb_usb.v(3509): WARNING: Module <mb_usb_lmb_bram_0> not found while processing module instance <lmb_bram> (VERI-1063)
c:/Users/srira/OneDrive/Desktop/ECE385/ECE385-sanjits2_mzwu3/lab6_2_restart/lab6_2_restart.gen/sources_1/bd/mb_usb/synth/mb_usb.v(1844): WARNING: Module <mb_usb_microblaze_0_xlconcat_0> not found while processing module instance <microblaze_0_xlconcat> (VERI-1063)
c:/Users/srira/OneDrive/Desktop/ECE385/ECE385-sanjits2_mzwu3/lab6_2_restart/lab6_2_restart.gen/sources_1/bd/mb_usb/synth/mb_usb.v(1850): WARNING: Module <mb_usb_rst_clk_wiz_1_100M_0> not found while processing module instance <rst_clk_wiz_1_100M> (VERI-1063)
c:/Users/srira/OneDrive/Desktop/ECE385/ECE385-sanjits2_mzwu3/lab6_2_restart/lab6_2_restart.gen/sources_1/bd/mb_usb/synth/mb_usb.v(1859): WARNING: Module <mb_usb_axi_quad_spi_0_0> not found while processing module instance <spi_usb> (VERI-1063)
c:/Users/srira/OneDrive/Desktop/ECE385/ECE385-sanjits2_mzwu3/lab6_2_restart/lab6_2_restart.gen/sources_1/bd/mb_usb/synth/mb_usb.v(1888): WARNING: Module <mb_usb_axi_timer_0_0> not found while processing module instance <timer_usb_axi> (VERI-1063)
srcscan exits with return value 0
